Flow report for Part5
Fri May 06 14:45:56 2016
Quartus II 64-Bit Version 13.0.1 Build 232 06/12/2013 Service Pack 1 SJ Web Edition


---------------------
; Table of Contents ;
---------------------
  1. Legal Notice
  2. Flow Summary
  3. Flow Settings
  4. Flow Non-Default Global Settings
  5. Flow Elapsed Time
  6. Flow OS Summary
  7. Flow Log
  8. Flow Messages
  9. Flow Suppressed Messages



----------------
; Legal Notice ;
----------------
Copyright (C) 1991-2013 Altera Corporation
Your use of Altera Corporation's design tools, logic functions 
and other software and tools, and its AMPP partner logic 
functions, and any output files from any of the foregoing 
(including device programming or simulation files), and any 
associated documentation or information are expressly subject 
to the terms and conditions of the Altera Program License 
Subscription Agreement, Altera MegaCore Function License 
Agreement, or other applicable license agreement, including, 
without limitation, that your use is for the sole purpose of 
programming logic devices manufactured by Altera and sold by 
Altera or its authorized distributors.  Please refer to the 
applicable agreement for further details.



+--------------------------------------------------------------------------------------+
; Flow Summary                                                                         ;
+------------------------------------+-------------------------------------------------+
; Flow Status                        ; Successful - Fri May 06 14:45:48 2016           ;
; Quartus II 64-Bit Version          ; 13.0.1 Build 232 06/12/2013 SP 1 SJ Web Edition ;
; Revision Name                      ; Part5                                           ;
; Top-level Entity Name              ; Part5                                           ;
; Family                             ; Cyclone IV E                                    ;
; Device                             ; EP4CE22F17C6                                    ;
; Timing Models                      ; Final                                           ;
; Total logic elements               ; 235 / 22,320 ( 1 % )                            ;
;     Total combinational functions  ; 235 / 22,320 ( 1 % )                            ;
;     Dedicated logic registers      ; 74 / 22,320 ( < 1 % )                           ;
; Total registers                    ; 74                                              ;
; Total pins                         ; 37 / 154 ( 24 % )                               ;
; Total virtual pins                 ; 0                                               ;
; Total memory bits                  ; 0 / 608,256 ( 0 % )                             ;
; Embedded Multiplier 9-bit elements ; 0 / 132 ( 0 % )                                 ;
; Total PLLs                         ; 0 / 4 ( 0 % )                                   ;
+------------------------------------+-------------------------------------------------+


+-----------------------------------------+
; Flow Settings                           ;
+-------------------+---------------------+
; Option            ; Setting             ;
+-------------------+---------------------+
; Start date & time ; 05/06/2016 14:45:11 ;
; Main task         ; Compilation         ;
; Revision Name     ; Part5               ;
+-------------------+---------------------+


+------------------------------------------------------------------------------------------------------------------------+
; Flow Non-Default Global Settings                                                                                       ;
+-------------------------------------+---------------------------------------+---------------+-------------+------------+
; Assignment Name                     ; Value                                 ; Default Value ; Entity Name ; Section Id ;
+-------------------------------------+---------------------------------------+---------------+-------------+------------+
; COMPILER_SIGNATURE_ID               ; 79232735081069.146257111115272        ; --            ; --          ; --         ;
; IP_TOOL_NAME                        ; LPM_COUNTER                           ; --            ; --          ; --         ;
; IP_TOOL_NAME                        ; LPM_COUNTER                           ; --            ; --          ; --         ;
; IP_TOOL_NAME                        ; LPM_COUNTER                           ; --            ; --          ; --         ;
; IP_TOOL_NAME                        ; LPM_COUNTER                           ; --            ; --          ; --         ;
; IP_TOOL_VERSION                     ; 13.0                                  ; --            ; --          ; --         ;
; IP_TOOL_VERSION                     ; 13.0                                  ; --            ; --          ; --         ;
; IP_TOOL_VERSION                     ; 13.0                                  ; --            ; --          ; --         ;
; IP_TOOL_VERSION                     ; 13.0                                  ; --            ; --          ; --         ;
; MAX_CORE_JUNCTION_TEMP              ; 85                                    ; --            ; --          ; --         ;
; MIN_CORE_JUNCTION_TEMP              ; 0                                     ; --            ; --          ; --         ;
; MISC_FILE                           ; Altera_Counter_inst.v                 ; --            ; --          ; --         ;
; MISC_FILE                           ; Altera_Counter_bb.v                   ; --            ; --          ; --         ;
; MISC_FILE                           ; ClockCycleCounter_inst.v              ; --            ; --          ; --         ;
; MISC_FILE                           ; ClockCycleCounter_bb.v                ; --            ; --          ; --         ;
; MISC_FILE                           ; PWMCounter_bb.v                       ; --            ; --          ; --         ;
; MISC_FILE                           ; AlterCounter.bsf                      ; --            ; --          ; --         ;
; MISC_FILE                           ; AlterCounter_inst.v                   ; --            ; --          ; --         ;
; MISC_FILE                           ; AlterCounter_bb.v                     ; --            ; --          ; --         ;
; MISC_FILE                           ; AlterCounter.inc                      ; --            ; --          ; --         ;
; MISC_FILE                           ; AlterCounter.cmp                      ; --            ; --          ; --         ;
; PARTITION_COLOR                     ; 16764057                              ; --            ; --          ; Top        ;
; PARTITION_FITTER_PRESERVATION_LEVEL ; PLACEMENT_AND_ROUTING                 ; --            ; --          ; Top        ;
; PARTITION_NETLIST_TYPE              ; SOURCE                                ; --            ; --          ; Top        ;
; POWER_BOARD_THERMAL_MODEL           ; None (CONSERVATIVE)                   ; --            ; --          ; --         ;
; POWER_PRESET_COOLING_SOLUTION       ; 23 MM HEAT SINK WITH 200 LFPM AIRFLOW ; --            ; --          ; --         ;
; PROJECT_OUTPUT_DIRECTORY            ; output_files                          ; --            ; --          ; --         ;
+-------------------------------------+---------------------------------------+---------------+-------------+------------+


+-------------------------------------------------------------------------------------------------------------------------------+
; Flow Elapsed Time                                                                                                             ;
+---------------------------+--------------+-------------------------+---------------------+------------------------------------+
; Module Name               ; Elapsed Time ; Average Processors Used ; Peak Virtual Memory ; Total CPU Time (on all processors) ;
+---------------------------+--------------+-------------------------+---------------------+------------------------------------+
; Analysis & Synthesis      ; 00:00:06     ; 1.0                     ; 460 MB              ; 00:00:06                           ;
; Fitter                    ; 00:00:23     ; 1.0                     ; 819 MB              ; 00:00:23                           ;
; Assembler                 ; 00:00:04     ; 1.0                     ; 433 MB              ; 00:00:04                           ;
; TimeQuest Timing Analyzer ; 00:00:07     ; 1.0                     ; 512 MB              ; 00:00:06                           ;
; Total                     ; 00:00:40     ; --                      ; --                  ; 00:00:39                           ;
+---------------------------+--------------+-------------------------+---------------------+------------------------------------+


+----------------------------------------------------------------------------------------+
; Flow OS Summary                                                                        ;
+---------------------------+------------------+-----------+------------+----------------+
; Module Name               ; Machine Hostname ; OS Name   ; OS Version ; Processor type ;
+---------------------------+------------------+-----------+------------+----------------+
; Analysis & Synthesis      ; RahulCoder       ; Windows 7 ; 6.2        ; x86_64         ;
; Fitter                    ; RahulCoder       ; Windows 7 ; 6.2        ; x86_64         ;
; Assembler                 ; RahulCoder       ; Windows 7 ; 6.2        ; x86_64         ;
; TimeQuest Timing Analyzer ; RahulCoder       ; Windows 7 ; 6.2        ; x86_64         ;
+---------------------------+------------------+-----------+------------+----------------+


------------
; Flow Log ;
------------
quartus_map --read_settings_files=on --write_settings_files=off Part5 -c Part5
quartus_fit --read_settings_files=off --write_settings_files=off Part5 -c Part5
quartus_asm --read_settings_files=off --write_settings_files=off Part5 -c Part5
quartus_sta Part5 -c Part5



